<?xml version="1.0" encoding="UTF-8" ?>
<testsuite errors="1" failures="0" hostname="BUILDPTMP" name=" RationalTest " skipped="0" tests="1" time="0.0" timestamp="2565-09-16T16:30:05">
  <properties>
    <property name="ant.project.invoked-targets" value="test" />
    <property name="java.runtime.name" value="OpenJDK Runtime Environment" />
    <property name="sun.boot.library.path" value="C:\Users\buildptmp\.jdks\corretto-1.8.0_342\jre\bin" />
    <property name="java.vm.version" value="25.342-b07" />
    <property name="ant.library.dir" value="D:\IntelliJ IDEA\IntelliJ IDEA Community Edition 2021.3.3\lib\ant\lib" />
    <property name="user.country.format" value="TH" />
    <property name="ant.version" value="Apache Ant(TM) version 1.10.5 compiled on July 10 2018" />
    <property name="ant.java.version" value="1.8" />
    <property name="java.vm.vendor" value="Amazon.com Inc." />
    <property name="java.vendor.url" value="https://aws.amazon.com/corretto/" />
    <property name="path.separator" value=";" />
    <property name="java.vm.name" value="OpenJDK 64-Bit Server VM" />
    <property name="file.encoding.pkg" value="sun.io" />
    <property name="user.script" value="" />
    <property name="user.country" value="US" />
    <property name="sun.java.launcher" value="SUN_STANDARD" />
    <property name="sun.os.patch.level" value="" />
    <property name="java.vm.specification.name" value="Java Virtual Machine Specification" />
    <property name="user.dir" value="C:\Users\buildptmp\OneDrive\Documents\QA LAB\Rational" />
    <property name="java.runtime.version" value="1.8.0_342-b07" />
    <property name="java.awt.graphicsenv" value="sun.awt.Win32GraphicsEnvironment" />
    <property name="basedir" value="C:\Users\buildptmp\OneDrive\Documents\QA LAB\Rational" />
    <property name="java.endorsed.dirs" value="C:\Users\buildptmp\.jdks\corretto-1.8.0_342\jre\lib\endorsed" />
    <property name="os.arch" value="amd64" />
    <property name="java.io.tmpdir" value="C:\Users\BUILDP~1\AppData\Local\Temp\" />
    <property name="ant.core.lib" value="D:\IntelliJ IDEA\IntelliJ IDEA Community Edition 2021.3.3\lib\ant\lib\ant.jar" />
    <property name="line.separator" value="&#xd;&#xa;" />
    <property name="java.vm.specification.vendor" value="Oracle Corporation" />
    <property name="user.variant" value="" />
    <property name="os.name" value="Windows 10" />
    <property name="ant.home" value="D:\IntelliJ IDEA\IntelliJ IDEA Community Edition 2021.3.3\lib\ant" />
    <property name="sun.jnu.encoding" value="MS874" />
    <property name="java.library.path" value="C:\Users\buildptmp\.jdks\corretto-1.8.0_342\bin;C:\WINDOWS\Sun\Java\bin;C:\WINDOWS\system32;C:\WINDOWS;C:\Program Files\Eclipse Foundation\jdk-8.0.302.8-hotspot\bin;C:\Users\buildptmp\AppData\Local\Programs\Python\Python310\Scripts;C:\Users\buildptmp\AppData\Local\Programs\Python\Python310;C:\Python39\Scripts\;C:\Python39\;C:\Program Files\Java\jdk-13.0.1\bin;C:\Program Files (x86)\Common Files\Oracle\Java\javapath;C:\Program Files (x86)\Common Files\Intel\Shared Libraries\redist\intel64\compiler;C:\Windows\system32;C:\Windows;C:\Windows\System32\Wbem;C:\Windows\System32\WindowsPowerShell\v1.0\;C:\Windows\System32\OpenSSH\;C:\Program Files (x86)\NVIDIA Corporation\PhysX\Common;C:\Program Files\Intel\WiFi\bin\;C:\Program Files\Common Files\Intel\WirelessCommon\;C:\MinGW\bin;C:\Program Files\Java\jre1.8.0_231\bin;C:\WINDOWS\system32;C:\WINDOWS;C:\WINDOWS\System32\Wbem;C:\WINDOWS\System32\WindowsPowerShell\v1.0\;C:\WINDOWS\System32\OpenSSH\;C:\Program Files\nodejs\;C:\ProgramData\chocolatey\bin;C:\Program Files\Git\cmd;C:\Program Files (x86)\Windows Kits\10\Windows Performance Toolkit\;C:\Program Files\dotnet\;C:\Users\buildptmp\AppData\Local\Programs\Python\Python310\Scripts\;C:\Users\buildptmp\AppData\Local\Programs\Python\Python310\;C:\Python39\Scripts;C:\Python39;C:\Program Files\MySQL\MySQL Shell 8.0\bin\;C:\Users\buildptmp\AppData\Local\Programs\Python\Python38\Scripts\;C:\Users\buildptmp\AppData\Local\Programs\Python\Python38\;C:\Users\buildptmp\AppData\Local\Microsoft\WindowsApps;C:\Users\buildptmp\AppData\Local\Programs\Microsoft VS Code\bin;C:\Users\buildptmp\AppData\Roaming\npmC:\Program Files\nodejs;&quot;C:\Program Files\nodejs;&quot;;C:\Users\buildptmp\Documents\flutter\bin;C:\ProgramData\buildptmp\GitHubDesktop\bin;D:\IntelliJ IDEA\IntelliJ IDEA Community Edition 2021.3.3\bin;;C:\Users\buildptmp\.dotnet\tools;C:\Users\buildptmp\AppData\Local\GitHubDesktop\bin;." />
    <property name="java.specification.name" value="Java Platform API Specification" />
    <property name="java.class.version" value="52.0" />
    <property name="sun.management.compiler" value="HotSpot 64-Bit Tiered Compilers" />
    <property name="os.version" value="10.0" />
    <property name="ant.file" value="C:\Users\buildptmp\OneDrive\Documents\QA LAB\Rational\build.xml" />
    <property name="user.home" value="C:\Users\buildptmp" />
    <property name="user.timezone" value="" />
    <property name="java.awt.printerjob" value="sun.awt.windows.WPrinterJob" />
    <property name="java.specification.version" value="1.8" />
    <property name="file.encoding" value="UTF-8" />
    <property name="java.class.path" value="D:\IntelliJ IDEA\IntelliJ IDEA Community Edition 2021.3.3\lib\ant\lib\ant-antlr.jar;D:\IntelliJ IDEA\IntelliJ IDEA Community Edition 2021.3.3\lib\ant\lib\ant-apache-bcel.jar;D:\IntelliJ IDEA\IntelliJ IDEA Community Edition 2021.3.3\lib\ant\lib\ant-apache-bsf.jar;D:\IntelliJ IDEA\IntelliJ IDEA Community Edition 2021.3.3\lib\ant\lib\ant-apache-log4j.jar;D:\IntelliJ IDEA\IntelliJ IDEA Community Edition 2021.3.3\lib\ant\lib\ant-apache-oro.jar;D:\IntelliJ IDEA\IntelliJ IDEA Community Edition 2021.3.3\lib\ant\lib\ant-apache-regexp.jar;D:\IntelliJ IDEA\IntelliJ IDEA Community Edition 2021.3.3\lib\ant\lib\ant-apache-resolver.jar;D:\IntelliJ IDEA\IntelliJ IDEA Community Edition 2021.3.3\lib\ant\lib\ant-apache-xalan2.jar;D:\IntelliJ IDEA\IntelliJ IDEA Community Edition 2021.3.3\lib\ant\lib\ant-commons-logging.jar;D:\IntelliJ IDEA\IntelliJ IDEA Community Edition 2021.3.3\lib\ant\lib\ant-commons-net.jar;D:\IntelliJ IDEA\IntelliJ IDEA Community Edition 2021.3.3\lib\ant\lib\ant-jai.jar;D:\IntelliJ IDEA\IntelliJ IDEA Community Edition 2021.3.3\lib\ant\lib\ant-javamail.jar;D:\IntelliJ IDEA\IntelliJ IDEA Community Edition 2021.3.3\lib\ant\lib\ant-jdepend.jar;D:\IntelliJ IDEA\IntelliJ IDEA Community Edition 2021.3.3\lib\ant\lib\ant-jmf.jar;D:\IntelliJ IDEA\IntelliJ IDEA Community Edition 2021.3.3\lib\ant\lib\ant-jsch.jar;D:\IntelliJ IDEA\IntelliJ IDEA Community Edition 2021.3.3\lib\ant\lib\ant-junit.jar;D:\IntelliJ IDEA\IntelliJ IDEA Community Edition 2021.3.3\lib\ant\lib\ant-junit4.jar;D:\IntelliJ IDEA\IntelliJ IDEA Community Edition 2021.3.3\lib\ant\lib\ant-junitlauncher.jar;D:\IntelliJ IDEA\IntelliJ IDEA Community Edition 2021.3.3\lib\ant\lib\ant-launcher.jar;D:\IntelliJ IDEA\IntelliJ IDEA Community Edition 2021.3.3\lib\ant\lib\ant-netrexx.jar;D:\IntelliJ IDEA\IntelliJ IDEA Community Edition 2021.3.3\lib\ant\lib\ant-swing.jar;D:\IntelliJ IDEA\IntelliJ IDEA Community Edition 2021.3.3\lib\ant\lib\ant-testutil.jar;D:\IntelliJ IDEA\IntelliJ IDEA Community Edition 2021.3.3\lib\ant\lib\ant-xz.jar;D:\IntelliJ IDEA\IntelliJ IDEA Community Edition 2021.3.3\lib\ant\lib\ant.jar;C:\Users\buildptmp\.jdks\corretto-1.8.0_342\lib\tools.jar;D:\IntelliJ IDEA\IntelliJ IDEA Community Edition 2021.3.3\lib\idea_rt.jar" />
    <property name="user.name" value="buildptmp" />
    <property name="java.vm.specification.version" value="1.8" />
    <property name="sun.java.command" value="com.intellij.rt.ant.execution.AntMain2 -logger com.intellij.rt.ant.execution.IdeaAntLogger2 -inputhandler com.intellij.rt.ant.execution.IdeaInputHandler -buildfile C:\Users\buildptmp\OneDrive\Documents\QA LAB\Rational\build.xml test" />
    <property name="sun.arch.data.model" value="64" />
    <property name="java.home" value="C:\Users\buildptmp\.jdks\corretto-1.8.0_342\jre" />
    <property name="java.specification.vendor" value="Oracle Corporation" />
    <property name="user.language" value="en" />
    <property name="user.language.format" value="th" />
    <property name="awt.toolkit" value="sun.awt.windows.WToolkit" />
    <property name="java.vm.info" value="mixed mode" />
    <property name="java.version" value="1.8.0_342" />
    <property name="java.ext.dirs" value="C:\Users\buildptmp\.jdks\corretto-1.8.0_342\jre\lib\ext;C:\WINDOWS\Sun\Java\lib\ext" />
    <property name="sun.boot.class.path" value="C:\Users\buildptmp\.jdks\corretto-1.8.0_342\jre\lib\resources.jar;C:\Users\buildptmp\.jdks\corretto-1.8.0_342\jre\lib\rt.jar;C:\Users\buildptmp\.jdks\corretto-1.8.0_342\jre\lib\sunrsasign.jar;C:\Users\buildptmp\.jdks\corretto-1.8.0_342\jre\lib\jsse.jar;C:\Users\buildptmp\.jdks\corretto-1.8.0_342\jre\lib\jce.jar;C:\Users\buildptmp\.jdks\corretto-1.8.0_342\jre\lib\charsets.jar;C:\Users\buildptmp\.jdks\corretto-1.8.0_342\jre\lib\jfr.jar;C:\Users\buildptmp\.jdks\corretto-1.8.0_342\jre\classes" />
    <property name="java.vendor" value="Amazon.com Inc." />
    <property name="file.separator" value="\" />
    <property name="java.vendor.url.bug" value="https://github.com/corretto/corretto-8/issues/" />
    <property name="sun.cpu.endian" value="little" />
    <property name="sun.io.unicode.encoding" value="UnicodeLittle" />
    <property name="ant.file.type" value="file" />
    <property name="sun.desktop" value="windows" />
    <property name="sun.cpu.isalist" value="amd64" />
  </properties>
  <error message=" RationalTest " type="java.lang.ClassNotFoundException">java.lang.ClassNotFoundException:  RationalTest 
	at java.lang.ClassLoader.loadClass(ClassLoader.java:351)
	at java.lang.Class.forName0(Native Method)
	at java.lang.Class.forName(Class.java:348)
	at com.intellij.rt.ant.execution.AntMain2.main(AntMain2.java:31)
</error>
  <system-out><![CDATA[]]></system-out>
  <system-err><![CDATA[]]></system-err>
</testsuite>
